c:\users\yeula\documents\visual studio 2015\projects\nnc\nnc\release\vc140.pdb
c:\users\yeula\documents\visual studio 2015\projects\nnc\nnc\release\getexpression.obj
c:\users\yeula\documents\visual studio 2015\projects\nnc\nnc\release\getdeclaration.obj
c:\users\yeula\documents\visual studio 2015\projects\nnc\nnc\release\getconstlabel.obj
c:\users\yeula\documents\visual studio 2015\projects\nnc\nnc\release\getchartypeadvanced.obj
c:\users\yeula\documents\visual studio 2015\projects\nnc\nnc\release\getchartype.obj
c:\users\yeula\documents\visual studio 2015\projects\nnc\nnc\release\expressiongeneratedataasm.obj
c:\users\yeula\documents\visual studio 2015\projects\nnc\nnc\release\declarationgenerateasm.obj
c:\users\yeula\documents\visual studio 2015\projects\nnc\nnc\release\expressiongenerateasm.obj
c:\users\yeula\documents\visual studio 2015\projects\nnc\nnc\release\expression.obj
c:\users\yeula\documents\visual studio 2015\projects\nnc\nnc\release\error.obj
c:\users\yeula\documents\visual studio 2015\projects\nnc\nnc\release\equal.obj
c:\users\yeula\documents\visual studio 2015\projects\nnc\nnc\release\emptytoken.obj
c:\users\yeula\documents\visual studio 2015\projects\nnc\nnc\release\declarationgeneratedataasm.obj
c:\users\yeula\documents\visual studio 2015\projects\nnc\nnc\release\declaration.obj
c:\users\yeula\documents\visual studio 2015\projects\nnc\nnc\release\currenttokenisoperator.obj
c:\users\yeula\documents\visual studio 2015\projects\nnc\nnc\release\currenttokenisnumber.obj
c:\users\yeula\documents\visual studio 2015\projects\nnc\nnc\release\currenttokenisname.obj
c:\users\yeula\documents\visual studio 2015\projects\nnc\nnc\release\compile.obj
c:\users\yeula\documents\visual studio 2015\projects\nnc\nnc\release\compiler.obj
c:\users\yeula\documents\visual studio 2015\projects\nnc\nnc\release\buildtree.obj
c:\users\yeula\documents\visual studio 2015\projects\nnc\nnc\release\reader.obj
c:\users\yeula\documents\visual studio 2015\projects\nnc\nnc\release\prevtoken.obj
c:\users\yeula\documents\visual studio 2015\projects\nnc\nnc\release\optimize.obj
c:\users\yeula\documents\visual studio 2015\projects\nnc\nnc\release\openclosefile.obj
c:\users\yeula\documents\visual studio 2015\projects\nnc\nnc\release\nexttoken.obj
c:\users\yeula\documents\visual studio 2015\projects\nnc\nnc\release\matching.obj
c:\users\yeula\documents\visual studio 2015\projects\nnc\nnc\release\matcher.obj
c:\users\yeula\documents\visual studio 2015\projects\nnc\nnc\release\match.obj
c:\users\yeula\documents\visual studio 2015\projects\nnc\nnc\release\main.obj
c:\users\yeula\documents\visual studio 2015\projects\nnc\nnc\release\log.obj
c:\users\yeula\documents\visual studio 2015\projects\nnc\nnc\release\includelibrary.obj
c:\users\yeula\documents\visual studio 2015\projects\nnc\nnc\release\gettokens.obj
c:\users\yeula\documents\visual studio 2015\projects\nnc\nnc\release\gettoken.obj
c:\users\yeula\documents\visual studio 2015\projects\nnc\nnc\release\getstringconstant.obj
c:\users\yeula\documents\visual studio 2015\projects\nnc\nnc\release\getstatement.obj
c:\users\yeula\documents\visual studio 2015\projects\nnc\nnc\release\getrawfilename.obj
c:\users\yeula\documents\visual studio 2015\projects\nnc\nnc\release\getparameter.obj
c:\users\yeula\documents\visual studio 2015\projects\nnc\nnc\release\getoperator.obj
c:\users\yeula\documents\visual studio 2015\projects\nnc\nnc\release\getnumberconstant.obj
c:\users\yeula\documents\visual studio 2015\projects\nnc\nnc\release\getname.obj
c:\users\yeula\documents\visual studio 2015\projects\nnc\nnc\release\writter.obj
c:\users\yeula\documents\visual studio 2015\projects\nnc\nnc\release\writeln.obj
c:\users\yeula\documents\visual studio 2015\projects\nnc\nnc\release\warning.obj
c:\users\yeula\documents\visual studio 2015\projects\nnc\nnc\release\success.obj
c:\users\yeula\documents\visual studio 2015\projects\nnc\nnc\release\statementgeneratedataasm.obj
c:\users\yeula\documents\visual studio 2015\projects\nnc\nnc\release\statementgenerateasm.obj
c:\users\yeula\documents\visual studio 2015\projects\nnc\nnc\release\statement.obj
c:\users\yeula\documents\visual studio 2015\projects\nnc\nnc\release\settokens.obj
c:\users\yeula\documents\visual studio 2015\projects\nnc\nnc\release\readfile.obj
c:\users\yeula\documents\visual studio 2015\projects\nnc\nnc\release\getsettokens.obj
c:\users\yeula\documents\visual studio 2015\projects\nnc\nnc\release\compiletoasm.obj
c:\users\yeula\documents\visual studio 2015\projects\nnc\nnc\release\compiletobin.obj
c:\users\yeula\documents\visual studio 2015\projects\nnc\nnc\release\filenameprocessor.obj
c:\users\yeula\documents\visual studio 2015\projects\nnc\release\nnc.exe
c:\users\yeula\documents\visual studio 2015\projects\nnc\release\nnc.ipdb
c:\users\yeula\documents\visual studio 2015\projects\nnc\release\nnc.iobj
c:\users\yeula\documents\visual studio 2015\projects\nnc\release\nnc.pdb
c:\users\yeula\documents\visual studio 2015\projects\nnc\nnc\release\nnc.tlog\cl.command.1.tlog
c:\users\yeula\documents\visual studio 2015\projects\nnc\nnc\release\nnc.tlog\cl.read.1.tlog
c:\users\yeula\documents\visual studio 2015\projects\nnc\nnc\release\nnc.tlog\cl.write.1.tlog
c:\users\yeula\documents\visual studio 2015\projects\nnc\nnc\release\nnc.tlog\link.command.1.tlog
c:\users\yeula\documents\visual studio 2015\projects\nnc\nnc\release\nnc.tlog\link.read.1.tlog
c:\users\yeula\documents\visual studio 2015\projects\nnc\nnc\release\nnc.tlog\link.write.1.tlog
